<?xml version="1.0" encoding="UTF-8"?>
<coverage generated="1711442984877" clover="3.2.0">
  <project timestamp="1711442984877" name="All files">
    <metrics statements="41" coveredstatements="31" conditionals="4" coveredconditionals="3" methods="7" coveredmethods="3" elements="52" coveredelements="37" complexity="0" loc="41" ncloc="41" packages="2" files="2" classes="2"/>
    <package name="repository">
      <metrics statements="25" coveredstatements="17" conditionals="1" coveredconditionals="1" methods="5" coveredmethods="1"/>
      <file name="mockCatalog.repository.ts" path="/Users/weerachit/Documents/kafka_elastic_search/catalog_service/src/repository/mockCatalog.repository.ts">
        <metrics statements="25" coveredstatements="17" conditionals="1" coveredconditionals="1" methods="5" coveredmethods="1"/>
        <line num="1" count="1" type="stmt"/>
        <line num="2" count="1" type="stmt"/>
        <line num="3" count="1" type="stmt"/>
        <line num="4" count="1" type="stmt"/>
        <line num="5" count="1" type="cond" truecount="1" falsecount="0"/>
        <line num="6" count="1" type="stmt"/>
        <line num="7" count="1" type="stmt"/>
        <line num="8" count="1" type="stmt"/>
        <line num="9" count="1" type="stmt"/>
        <line num="10" count="1" type="stmt"/>
        <line num="11" count="1" type="stmt"/>
        <line num="12" count="1" type="stmt"/>
        <line num="13" count="0" type="stmt"/>
        <line num="14" count="0" type="stmt"/>
        <line num="15" count="1" type="stmt"/>
        <line num="16" count="0" type="stmt"/>
        <line num="17" count="0" type="stmt"/>
        <line num="18" count="1" type="stmt"/>
        <line num="19" count="0" type="stmt"/>
        <line num="20" count="0" type="stmt"/>
        <line num="21" count="1" type="stmt"/>
        <line num="22" count="0" type="stmt"/>
        <line num="23" count="0" type="stmt"/>
        <line num="24" count="1" type="stmt"/>
        <line num="25" count="1" type="stmt"/>
      </file>
    </package>
    <package name="services">
      <metrics statements="16" coveredstatements="14" conditionals="3" coveredconditionals="2" methods="2" coveredmethods="2"/>
      <file name="catalog.service.ts" path="/Users/weerachit/Documents/kafka_elastic_search/catalog_service/src/services/catalog.service.ts">
        <metrics statements="16" coveredstatements="14" conditionals="3" coveredconditionals="2" methods="2" coveredmethods="2"/>
        <line num="1" count="1" type="stmt"/>
        <line num="2" count="1" type="stmt"/>
        <line num="3" count="1" type="stmt"/>
        <line num="4" count="1" type="stmt"/>
        <line num="5" count="1" type="cond" truecount="1" falsecount="0"/>
        <line num="6" count="1" type="stmt"/>
        <line num="7" count="1" type="stmt"/>
        <line num="8" count="1" type="stmt"/>
        <line num="9" count="1" type="cond" truecount="1" falsecount="0"/>
        <line num="10" count="1" type="stmt"/>
        <line num="11" count="1" type="cond" truecount="0" falsecount="1"/>
        <line num="12" count="0" type="stmt"/>
        <line num="13" count="0" type="stmt"/>
        <line num="14" count="1" type="stmt"/>
        <line num="15" count="1" type="stmt"/>
        <line num="16" count="1" type="stmt"/>
      </file>
    </package>
  </project>
</coverage>
