TN:
SF:src/repository/mockCatalog.repository.ts
FN:5,create
FN:12,update
FN:15,delete
FN:18,find
FN:21,findOne
FNF:5
FNH:1
FNDA:1,create
FNDA:0,update
FNDA:0,delete
FNDA:0,find
FNDA:0,findOne
DA:1,1
DA:2,1
DA:3,1
DA:4,1
DA:5,1
DA:6,1
DA:7,1
DA:8,1
DA:9,1
DA:10,1
DA:11,1
DA:12,1
DA:13,0
DA:14,0
DA:15,1
DA:16,0
DA:17,0
DA:18,1
DA:19,0
DA:20,0
DA:21,1
DA:22,0
DA:23,0
DA:24,1
DA:25,1
LF:25
LH:17
BRDA:5,0,0,1
BRF:1
BRH:1
end_of_record
TN:
SF:src/services/catalog.service.ts
FN:5,CatalogService
FN:9,createProduct
FNF:2
FNH:2
FNDA:1,CatalogService
FNDA:1,createProduct
DA:1,1
DA:2,1
DA:3,1
DA:4,1
DA:5,1
DA:6,1
DA:7,1
DA:8,1
DA:9,1
DA:10,1
DA:11,1
DA:12,0
DA:13,0
DA:14,1
DA:15,1
DA:16,1
LF:16
LH:14
BRDA:5,0,0,1
BRDA:9,1,0,1
BRDA:11,2,0,0
BRF:3
BRH:2
end_of_record
